<?xml version="1.0" encoding="UTF-8"?>
<!-- Generated by org.testng.reporters.JUnitXMLReporter -->
<testsuite ignored="1" hostname="INHNJLPT-978465" failures="0" tests="15" name="FlightBooking" time="0.095" errors="0" timestamp="2024-03-05T17:39:45 IST">
  <testcase classname="Booking.BookFlight" name="BookFlight_ForRoundTrip_TestCase2" time="0.004"/>
  <testcase classname="Booking.BookFlight" name="BookFlight_ForRoundTrip_TestCase1" time="0.001"/>
  <testcase classname="Booking.BookFlight" name="BookFlight_OneWay_TestCase3" time="0.001"/>
  <testcase classname="OnlineCheckin.CheckinOnline" name="CheckinOnline_PNRstatus" time="0.001"/>
  <testcase classname="Booking.BookFlight2" name="BookFlight_ForRoundTrip_TestCase1" time="0.001"/>
  <testcase classname="Booking.BookFlight2" name="BookFlight_ForRoundTrip_TestCase2" time="0.001"/>
  <testcase classname="Booking.BookFlight2" name="BookFlight_OneWay_TestCase1" time="0.001"/>
  <testcase classname="Booking.BookFlight2" name="BookFlight_OneWay_TestCase2" time="0.002"/>
  <testcase classname="Booking.BookHoliday" name="BookHolidayPackage_depature" time="0.002"/>
  <testcase classname="Booking.BookHoliday" name="BookHolidayPackage_destination" time="0.001"/>
  <testcase classname="Booking.BookHoliday" name="BookHolidayPackage_return" time="0.001"/>
  <testcase classname="Booking.BookHotel" name="BookHotel_Checkin" time="0.002"/>
  <testcase classname="Booking.BookHotel" name="BookHotel_Checkout" time="0.001"/>
  <testcase classname="Booking.BookHotel" name="BookHotel_destinationCity" time="0.001"/>
  <testcase classname="Booking.Flightstatus" name="FlightStatus_TestCase1" time="0.001"/>
  <testcase classname="Booking.BookFlight" name="BookFlight_OneWay_TestCase4" time="0.0">
    <ignored/>
  </testcase> <!-- BookFlight_OneWay_TestCase4 -->
</testsuite> <!-- FlightBooking -->
