<?xml version="1.0" encoding="UTF-8"?>
<!-- Generated by org.testng.reporters.JUnitXMLReporter -->
<testsuite ignored="5" hostname="INHNJLPT-978465" failures="0" tests="6" name="FlightBooking" time="0.051" errors="0" timestamp="2024-03-05T17:27:08 IST">
  <testcase classname="Booking.BookFlight2" name="BookFlight_OneWay_TestCase1" time="0.006"/>
  <testcase classname="Booking.BookFlight2" name="BookFlight_OneWay_TestCase2" time="0.001"/>
  <testcase classname="Booking.BookHoliday" name="BookHolidayPackage_depature" time="0.001"/>
  <testcase classname="Booking.BookHoliday" name="BookHolidayPackage_return" time="0.001"/>
  <testcase classname="Booking.BookHotel" name="BookHotel_destinationCity" time="0.001"/>
  <testcase classname="Booking.Flightstatus" name="FlightStatus_TestCase1" time="0.001"/>
  <testcase classname="Booking.BookFlight2" name="BookFlight_ForRoundTrip_TestCase2" time="0.0">
    <ignored/>
  </testcase> <!-- BookFlight_ForRoundTrip_TestCase2 -->
  <testcase classname="Booking.BookHoliday" name="BookHolidayPackage_destination" time="0.0">
    <ignored/>
  </testcase> <!-- BookHolidayPackage_destination -->
  <testcase classname="Booking.BookFlight2" name="BookFlight_ForRoundTrip_TestCase1" time="0.0">
    <ignored/>
  </testcase> <!-- BookFlight_ForRoundTrip_TestCase1 -->
  <testcase classname="Booking.BookHotel" name="BookHotel_Checkout" time="0.0">
    <ignored/>
  </testcase> <!-- BookHotel_Checkout -->
  <testcase classname="Booking.BookHotel" name="BookHotel_Checkin" time="0.0">
    <ignored/>
  </testcase> <!-- BookHotel_Checkin -->
</testsuite> <!-- FlightBooking -->
