<?xml version="1.0" encoding="UTF-8"?>
<!-- Generated by org.testng.reporters.JUnitXMLReporter -->
<testsuite ignored="0" hostname="INHNJLPT-978465" failures="0" tests="5" name="car loan" time="0.013" errors="0" timestamp="2024-03-03T21:29:20 IST">
  <testcase classname="TestFramework.day3" name="LoginAPIcarLoan" time="0.001"/>
  <testcase classname="TestFramework.day3" name="MobileLoginCarLoan" time="0.001"/>
  <testcase classname="TestFramework.day3" name="Mobilesignin" time="0.001"/>
  <testcase classname="TestFramework.day3" name="Mobilesignout" time="0.001"/>
  <testcase classname="TestFramework.day3" name="weblogincar" time="0.002"/>
</testsuite> <!-- car loan -->
