<?xml version="1.0" encoding="UTF-8"?>
<!-- Generated by org.testng.reporters.JUnitXMLReporter -->
<testsuite ignored="1" hostname="INHNJLPT-978465" failures="0" tests="5" name="Personal Loan" time="0.064" errors="0" timestamp="2024-03-03T21:29:20 IST">
  <testcase classname="TestFramework.day1" name="Demo" time="0.005"/>
  <testcase classname="TestFramework.day2" name="ploan" time="0.001"/>
  <testcase classname="TestFramework.day4" name="LoginAPIHomeLoan" time="0.001"/>
  <testcase classname="TestFramework.day4" name="MobileLoginHomeLoan" time="0.001"/>
  <testcase classname="TestFramework.day4" name="webloginhomeloan" time="0.001"/>
  <testcase classname="TestFramework.day1" name="secondtest" time="0.0">
    <ignored/>
  </testcase> <!-- secondtest -->
</testsuite> <!-- Personal Loan -->
